2024-03-14 14:11:37,485 [Worker-6] INFO  o.e.m.c.i.p.ProjectConfigurationManager - Update started
2024-03-14 14:11:39,356 [Worker-6] INFO  o.e.m.c.i.l.LifecycleMappingFactory - Using org.eclipse.m2e.jdt.JarLifecycleMapping lifecycle mapping for MavenProject: com.ts:userinput:0.0.1-SNAPSHOT @ C:\Users\SRI CHANDANA\Desktop\Assignment(GKB Labs)\UserForm\backend\userinput\pom.xml.
2024-03-14 14:11:40,886 [Worker-6] INFO  o.e.m.j.i.AbstractJavaProjectConfigurator - Adding source folder /userinput/src/main/java
2024-03-14 14:11:40,886 [Worker-6] INFO  o.e.m.j.i.AbstractJavaProjectConfigurator - Adding resource folder /userinput/src/main/resources
2024-03-14 14:11:40,897 [Worker-6] INFO  o.e.m.j.i.AbstractJavaProjectConfigurator - Adding resource folder /userinput/src/main/resources
2024-03-14 14:11:40,909 [Worker-6] INFO  o.e.m.j.i.AbstractJavaProjectConfigurator - Adding source folder /userinput/src/test/java
2024-03-14 14:11:41,933 [Worker-3] INFO  o.a.m.s.f.DefaultMavenResourcesFiltering - Copying 1 resource from src\main\resources to target\classes
2024-03-14 14:11:41,961 [Worker-3] INFO  o.a.m.s.f.DefaultMavenResourcesFiltering - Copying 0 resource from src\main\resources to target\classes
2024-03-14 14:11:41,964 [Worker-3] INFO  o.a.m.s.f.DefaultMavenResourcesFiltering - skip non existing resourceDirectory C:\Users\SRI CHANDANA\Desktop\Assignment(GKB Labs)\UserForm\backend\userinput\src\test\resources
2024-03-14 14:11:42,442 [Worker-6] INFO  o.e.m.c.i.p.ProjectConfigurationManager - Update completed: 4 sec
2024-03-14 14:11:43,227 [Worker-4] INFO  o.a.m.s.f.DefaultMavenResourcesFiltering - Copying 1 resource from src\main\resources to target\classes
2024-03-14 14:11:43,231 [Worker-4] INFO  o.a.m.s.f.DefaultMavenResourcesFiltering - Copying 0 resource from src\main\resources to target\classes
2024-03-14 14:11:43,234 [Worker-4] INFO  o.a.m.s.f.DefaultMavenResourcesFiltering - skip non existing resourceDirectory C:\Users\SRI CHANDANA\Desktop\Assignment(GKB Labs)\UserForm\backend\userinput\src\test\resources
2024-03-14 14:12:27,808 [Worker-12] INFO  o.e.m.c.i.l.LifecycleMappingFactory - Using org.eclipse.m2e.jdt.JarLifecycleMapping lifecycle mapping for MavenProject: com.ts:userinput:0.0.1-SNAPSHOT @ C:\Users\SRI CHANDANA\Desktop\Assignment(GKB Labs)\UserForm\backend\userinput\pom.xml.
2024-03-14 14:12:28,995 [Worker-12] INFO  o.e.m.c.i.embedder.EclipseLogger - Using 'UTF-8' encoding to copy filtered resources.
2024-03-14 14:12:28,995 [Worker-12] INFO  o.e.m.c.i.embedder.EclipseLogger - Using 'UTF-8' encoding to copy filtered properties files.
2024-03-14 14:12:29,000 [Worker-12] INFO  o.e.m.c.i.embedder.EclipseLogger - Copying 0 resource
2024-03-14 14:12:29,001 [Worker-12] INFO  o.e.m.c.i.embedder.EclipseLogger - Copying 0 resource
2024-03-14 14:12:29,005 [Worker-12] INFO  o.e.m.c.i.embedder.EclipseLogger - Using 'UTF-8' encoding to copy filtered resources.
2024-03-14 14:12:29,006 [Worker-12] INFO  o.e.m.c.i.embedder.EclipseLogger - Using 'UTF-8' encoding to copy filtered properties files.
2024-03-14 14:12:29,006 [Worker-12] INFO  o.e.m.c.i.embedder.EclipseLogger - skip non existing resourceDirectory C:\Users\SRI CHANDANA\Desktop\Assignment(GKB Labs)\UserForm\backend\userinput\src\test\resources
2024-03-14 14:12:30,876 [Worker-17] INFO  o.e.m.c.i.embedder.EclipseLogger - Using 'UTF-8' encoding to copy filtered resources.
2024-03-14 14:12:30,876 [Worker-17] INFO  o.e.m.c.i.embedder.EclipseLogger - Using 'UTF-8' encoding to copy filtered properties files.
2024-03-14 14:12:30,878 [Worker-17] INFO  o.e.m.c.i.embedder.EclipseLogger - Copying 1 resource
2024-03-14 14:12:30,896 [Worker-17] INFO  o.e.m.c.i.embedder.EclipseLogger - Copying 0 resource
2024-03-14 14:12:30,898 [Worker-17] INFO  o.e.m.c.i.embedder.EclipseLogger - Using 'UTF-8' encoding to copy filtered resources.
2024-03-14 14:12:30,898 [Worker-17] INFO  o.e.m.c.i.embedder.EclipseLogger - Using 'UTF-8' encoding to copy filtered properties files.
2024-03-14 14:12:30,898 [Worker-17] INFO  o.e.m.c.i.embedder.EclipseLogger - skip non existing resourceDirectory C:\Users\SRI CHANDANA\Desktop\Assignment(GKB Labs)\UserForm\backend\userinput\src\test\resources
2024-03-14 14:12:54,262 [Worker-17] INFO  o.e.m.c.i.p.ProjectConfigurationManager - Update started
2024-03-14 14:12:54,832 [Worker-17] INFO  o.e.m.c.i.l.LifecycleMappingFactory - Using org.eclipse.m2e.jdt.JarLifecycleMapping lifecycle mapping for MavenProject: com.ts:userinput:0.0.1-SNAPSHOT @ C:\Users\SRI CHANDANA\Desktop\Assignment(GKB Labs)\UserForm\backend\userinput\pom.xml.
2024-03-14 14:12:56,201 [Worker-17] INFO  o.e.m.j.i.AbstractJavaProjectConfigurator - Adding source folder /userinput/src/main/java
2024-03-14 14:12:56,202 [Worker-17] INFO  o.e.m.j.i.AbstractJavaProjectConfigurator - Adding resource folder /userinput/src/main/resources
2024-03-14 14:12:56,202 [Worker-17] INFO  o.e.m.j.i.AbstractJavaProjectConfigurator - Adding resource folder /userinput/src/main/resources
2024-03-14 14:12:56,203 [Worker-17] INFO  o.e.m.j.i.AbstractJavaProjectConfigurator - Adding source folder /userinput/src/test/java
2024-03-14 14:12:56,480 [Worker-17] INFO  o.e.m.c.i.p.ProjectConfigurationManager - Update completed: 2 sec
2024-03-14 14:12:57,477 [Worker-0] INFO  o.e.m.c.i.embedder.EclipseLogger - Using 'UTF-8' encoding to copy filtered resources.
2024-03-14 14:12:57,477 [Worker-0] INFO  o.e.m.c.i.embedder.EclipseLogger - Using 'UTF-8' encoding to copy filtered properties files.
2024-03-14 14:12:57,478 [Worker-0] INFO  o.e.m.c.i.embedder.EclipseLogger - Copying 1 resource
2024-03-14 14:12:57,491 [Worker-0] INFO  o.e.m.c.i.embedder.EclipseLogger - Copying 0 resource
2024-03-14 14:12:57,494 [Worker-0] INFO  o.e.m.c.i.embedder.EclipseLogger - Using 'UTF-8' encoding to copy filtered resources.
2024-03-14 14:12:57,494 [Worker-0] INFO  o.e.m.c.i.embedder.EclipseLogger - Using 'UTF-8' encoding to copy filtered properties files.
2024-03-14 14:12:57,494 [Worker-0] INFO  o.e.m.c.i.embedder.EclipseLogger - skip non existing resourceDirectory C:\Users\SRI CHANDANA\Desktop\Assignment(GKB Labs)\UserForm\backend\userinput\src\test\resources
2024-03-14 14:14:49,138 [Worker-7] INFO  o.e.m.c.i.embedder.EclipseLogger - Using 'UTF-8' encoding to copy filtered resources.
2024-03-14 14:14:49,138 [Worker-7] INFO  o.e.m.c.i.embedder.EclipseLogger - Using 'UTF-8' encoding to copy filtered properties files.
2024-03-14 14:14:49,141 [Worker-7] INFO  o.e.m.c.i.embedder.EclipseLogger - Copying 1 resource
2024-03-14 14:14:49,149 [Worker-7] INFO  o.e.m.c.i.embedder.EclipseLogger - Copying 0 resource
2024-03-14 14:14:49,152 [Worker-7] INFO  o.e.m.c.i.embedder.EclipseLogger - Using 'UTF-8' encoding to copy filtered resources.
2024-03-14 14:14:49,152 [Worker-7] INFO  o.e.m.c.i.embedder.EclipseLogger - Using 'UTF-8' encoding to copy filtered properties files.
2024-03-14 14:14:49,153 [Worker-7] INFO  o.e.m.c.i.embedder.EclipseLogger - skip non existing resourceDirectory C:\Users\SRI CHANDANA\Desktop\Assignment(GKB Labs)\UserForm\backend\userinput\src\test\resources
2024-03-14 14:16:04,345 [Worker-17] INFO  o.e.m.c.i.embedder.EclipseLogger - Using 'UTF-8' encoding to copy filtered resources.
2024-03-14 14:16:04,346 [Worker-17] INFO  o.e.m.c.i.embedder.EclipseLogger - Using 'UTF-8' encoding to copy filtered properties files.
2024-03-14 14:16:04,346 [Worker-17] INFO  o.e.m.c.i.embedder.EclipseLogger - Copying 1 resource
2024-03-14 14:16:04,358 [Worker-17] INFO  o.e.m.c.i.embedder.EclipseLogger - Copying 0 resource
2024-03-14 14:16:04,360 [Worker-17] INFO  o.e.m.c.i.embedder.EclipseLogger - Using 'UTF-8' encoding to copy filtered resources.
2024-03-14 14:16:04,360 [Worker-17] INFO  o.e.m.c.i.embedder.EclipseLogger - Using 'UTF-8' encoding to copy filtered properties files.
2024-03-14 14:16:04,360 [Worker-17] INFO  o.e.m.c.i.embedder.EclipseLogger - skip non existing resourceDirectory C:\Users\SRI CHANDANA\Desktop\Assignment(GKB Labs)\UserForm\backend\userinput\src\test\resources
2024-03-14 14:16:17,823 [Worker-17] INFO  o.e.m.c.i.embedder.EclipseLogger - Using 'UTF-8' encoding to copy filtered resources.
2024-03-14 14:16:17,823 [Worker-17] INFO  o.e.m.c.i.embedder.EclipseLogger - Using 'UTF-8' encoding to copy filtered properties files.
2024-03-14 14:16:17,824 [Worker-17] INFO  o.e.m.c.i.embedder.EclipseLogger - Copying 1 resource
2024-03-14 14:16:17,854 [Worker-17] INFO  o.e.m.c.i.embedder.EclipseLogger - Copying 0 resource
2024-03-14 14:16:17,859 [Worker-17] INFO  o.e.m.c.i.embedder.EclipseLogger - Using 'UTF-8' encoding to copy filtered resources.
2024-03-14 14:16:17,859 [Worker-17] INFO  o.e.m.c.i.embedder.EclipseLogger - Using 'UTF-8' encoding to copy filtered properties files.
2024-03-14 14:16:17,859 [Worker-17] INFO  o.e.m.c.i.embedder.EclipseLogger - skip non existing resourceDirectory C:\Users\SRI CHANDANA\Desktop\Assignment(GKB Labs)\UserForm\backend\userinput\src\test\resources
2024-03-14 14:18:00,617 [Worker-12] INFO  o.e.m.c.i.embedder.EclipseLogger - Using 'UTF-8' encoding to copy filtered resources.
2024-03-14 14:18:00,618 [Worker-12] INFO  o.e.m.c.i.embedder.EclipseLogger - Using 'UTF-8' encoding to copy filtered properties files.
2024-03-14 14:18:00,619 [Worker-12] INFO  o.e.m.c.i.embedder.EclipseLogger - Copying 1 resource
2024-03-14 14:18:00,632 [Worker-12] INFO  o.e.m.c.i.embedder.EclipseLogger - Copying 0 resource
2024-03-14 14:18:00,636 [Worker-12] INFO  o.e.m.c.i.embedder.EclipseLogger - Using 'UTF-8' encoding to copy filtered resources.
2024-03-14 14:18:00,636 [Worker-12] INFO  o.e.m.c.i.embedder.EclipseLogger - Using 'UTF-8' encoding to copy filtered properties files.
2024-03-14 14:18:00,636 [Worker-12] INFO  o.e.m.c.i.embedder.EclipseLogger - skip non existing resourceDirectory C:\Users\SRI CHANDANA\Desktop\Assignment(GKB Labs)\UserForm\backend\userinput\src\test\resources
2024-03-14 14:18:47,039 [Worker-12] INFO  o.e.m.c.i.embedder.EclipseLogger - Using 'UTF-8' encoding to copy filtered resources.
2024-03-14 14:18:47,039 [Worker-12] INFO  o.e.m.c.i.embedder.EclipseLogger - Using 'UTF-8' encoding to copy filtered properties files.
2024-03-14 14:18:47,040 [Worker-12] INFO  o.e.m.c.i.embedder.EclipseLogger - Copying 1 resource
2024-03-14 14:18:47,056 [Worker-12] INFO  o.e.m.c.i.embedder.EclipseLogger - Copying 0 resource
2024-03-14 14:18:47,058 [Worker-12] INFO  o.e.m.c.i.embedder.EclipseLogger - Using 'UTF-8' encoding to copy filtered resources.
2024-03-14 14:18:47,058 [Worker-12] INFO  o.e.m.c.i.embedder.EclipseLogger - Using 'UTF-8' encoding to copy filtered properties files.
2024-03-14 14:18:47,059 [Worker-12] INFO  o.e.m.c.i.embedder.EclipseLogger - skip non existing resourceDirectory C:\Users\SRI CHANDANA\Desktop\Assignment(GKB Labs)\UserForm\backend\userinput\src\test\resources
2024-03-14 14:20:37,488 [Worker-17] INFO  o.e.m.c.i.embedder.EclipseLogger - Using 'UTF-8' encoding to copy filtered resources.
2024-03-14 14:20:37,488 [Worker-17] INFO  o.e.m.c.i.embedder.EclipseLogger - Using 'UTF-8' encoding to copy filtered properties files.
2024-03-14 14:20:37,489 [Worker-17] INFO  o.e.m.c.i.embedder.EclipseLogger - Copying 1 resource
2024-03-14 14:20:37,496 [Worker-17] INFO  o.e.m.c.i.embedder.EclipseLogger - Copying 0 resource
2024-03-14 14:20:37,497 [Worker-17] INFO  o.e.m.c.i.embedder.EclipseLogger - Using 'UTF-8' encoding to copy filtered resources.
2024-03-14 14:20:37,498 [Worker-17] INFO  o.e.m.c.i.embedder.EclipseLogger - Using 'UTF-8' encoding to copy filtered properties files.
2024-03-14 14:20:37,498 [Worker-17] INFO  o.e.m.c.i.embedder.EclipseLogger - skip non existing resourceDirectory C:\Users\SRI CHANDANA\Desktop\Assignment(GKB Labs)\UserForm\backend\userinput\src\test\resources
2024-03-14 14:20:53,942 [Worker-9] INFO  o.e.m.c.i.embedder.EclipseLogger - Using 'UTF-8' encoding to copy filtered resources.
2024-03-14 14:20:53,942 [Worker-9] INFO  o.e.m.c.i.embedder.EclipseLogger - Using 'UTF-8' encoding to copy filtered properties files.
2024-03-14 14:20:53,942 [Worker-9] INFO  o.e.m.c.i.embedder.EclipseLogger - Copying 1 resource
2024-03-14 14:20:53,950 [Worker-9] INFO  o.e.m.c.i.embedder.EclipseLogger - Copying 0 resource
2024-03-14 14:20:53,953 [Worker-9] INFO  o.e.m.c.i.embedder.EclipseLogger - Using 'UTF-8' encoding to copy filtered resources.
2024-03-14 14:20:53,953 [Worker-9] INFO  o.e.m.c.i.embedder.EclipseLogger - Using 'UTF-8' encoding to copy filtered properties files.
2024-03-14 14:20:53,953 [Worker-9] INFO  o.e.m.c.i.embedder.EclipseLogger - skip non existing resourceDirectory C:\Users\SRI CHANDANA\Desktop\Assignment(GKB Labs)\UserForm\backend\userinput\src\test\resources
2024-03-14 14:26:16,569 [Worker-2] INFO  o.e.m.c.i.embedder.EclipseLogger - Using 'UTF-8' encoding to copy filtered resources.
2024-03-14 14:26:16,569 [Worker-2] INFO  o.e.m.c.i.embedder.EclipseLogger - Using 'UTF-8' encoding to copy filtered properties files.
2024-03-14 14:26:16,570 [Worker-2] INFO  o.e.m.c.i.embedder.EclipseLogger - Copying 1 resource
2024-03-14 14:26:16,578 [Worker-2] INFO  o.e.m.c.i.embedder.EclipseLogger - Copying 0 resource
2024-03-14 14:26:16,580 [Worker-2] INFO  o.e.m.c.i.embedder.EclipseLogger - Using 'UTF-8' encoding to copy filtered resources.
2024-03-14 14:26:16,580 [Worker-2] INFO  o.e.m.c.i.embedder.EclipseLogger - Using 'UTF-8' encoding to copy filtered properties files.
2024-03-14 14:26:16,580 [Worker-2] INFO  o.e.m.c.i.embedder.EclipseLogger - skip non existing resourceDirectory C:\Users\SRI CHANDANA\Desktop\Assignment(GKB Labs)\UserForm\backend\userinput\src\test\resources
2024-03-14 14:27:24,583 [Worker-12] INFO  o.e.m.c.i.embedder.EclipseLogger - Using 'UTF-8' encoding to copy filtered resources.
2024-03-14 14:27:24,584 [Worker-12] INFO  o.e.m.c.i.embedder.EclipseLogger - Using 'UTF-8' encoding to copy filtered properties files.
2024-03-14 14:27:24,585 [Worker-12] INFO  o.e.m.c.i.embedder.EclipseLogger - Copying 1 resource
2024-03-14 14:27:24,598 [Worker-12] INFO  o.e.m.c.i.embedder.EclipseLogger - Copying 0 resource
2024-03-14 14:27:24,604 [Worker-12] INFO  o.e.m.c.i.embedder.EclipseLogger - Using 'UTF-8' encoding to copy filtered resources.
2024-03-14 14:27:24,604 [Worker-12] INFO  o.e.m.c.i.embedder.EclipseLogger - Using 'UTF-8' encoding to copy filtered properties files.
2024-03-14 14:27:24,604 [Worker-12] INFO  o.e.m.c.i.embedder.EclipseLogger - skip non existing resourceDirectory C:\Users\SRI CHANDANA\Desktop\Assignment(GKB Labs)\UserForm\backend\userinput\src\test\resources
2024-03-14 14:27:40,029 [Worker-23] INFO  o.e.m.c.i.embedder.EclipseLogger - Using 'UTF-8' encoding to copy filtered resources.
2024-03-14 14:27:40,029 [Worker-23] INFO  o.e.m.c.i.embedder.EclipseLogger - Using 'UTF-8' encoding to copy filtered properties files.
2024-03-14 14:27:40,029 [Worker-23] INFO  o.e.m.c.i.embedder.EclipseLogger - Copying 1 resource
2024-03-14 14:27:40,035 [Worker-23] INFO  o.e.m.c.i.embedder.EclipseLogger - Copying 0 resource
2024-03-14 14:27:40,036 [Worker-23] INFO  o.e.m.c.i.embedder.EclipseLogger - Using 'UTF-8' encoding to copy filtered resources.
2024-03-14 14:27:40,036 [Worker-23] INFO  o.e.m.c.i.embedder.EclipseLogger - Using 'UTF-8' encoding to copy filtered properties files.
2024-03-14 14:27:40,036 [Worker-23] INFO  o.e.m.c.i.embedder.EclipseLogger - skip non existing resourceDirectory C:\Users\SRI CHANDANA\Desktop\Assignment(GKB Labs)\UserForm\backend\userinput\src\test\resources
2024-03-14 14:28:14,279 [Worker-19] INFO  o.e.m.c.i.embedder.EclipseLogger - Using 'UTF-8' encoding to copy filtered resources.
2024-03-14 14:28:14,279 [Worker-19] INFO  o.e.m.c.i.embedder.EclipseLogger - Using 'UTF-8' encoding to copy filtered properties files.
2024-03-14 14:28:14,281 [Worker-19] INFO  o.e.m.c.i.embedder.EclipseLogger - Copying 1 resource
2024-03-14 14:28:14,329 [Worker-19] INFO  o.e.m.c.i.embedder.EclipseLogger - Copying 0 resource
2024-03-14 14:28:14,333 [Worker-19] INFO  o.e.m.c.i.embedder.EclipseLogger - Using 'UTF-8' encoding to copy filtered resources.
2024-03-14 14:28:14,333 [Worker-19] INFO  o.e.m.c.i.embedder.EclipseLogger - Using 'UTF-8' encoding to copy filtered properties files.
2024-03-14 14:28:14,334 [Worker-19] INFO  o.e.m.c.i.embedder.EclipseLogger - skip non existing resourceDirectory C:\Users\SRI CHANDANA\Desktop\Assignment(GKB Labs)\UserForm\backend\userinput\src\test\resources
2024-03-14 14:29:08,163 [Worker-9] INFO  o.e.m.c.i.embedder.EclipseLogger - Using 'UTF-8' encoding to copy filtered resources.
2024-03-14 14:29:08,163 [Worker-9] INFO  o.e.m.c.i.embedder.EclipseLogger - Using 'UTF-8' encoding to copy filtered properties files.
2024-03-14 14:29:08,164 [Worker-9] INFO  o.e.m.c.i.embedder.EclipseLogger - Copying 1 resource
2024-03-14 14:29:08,173 [Worker-9] INFO  o.e.m.c.i.embedder.EclipseLogger - Copying 0 resource
2024-03-14 14:29:08,177 [Worker-9] INFO  o.e.m.c.i.embedder.EclipseLogger - Using 'UTF-8' encoding to copy filtered resources.
2024-03-14 14:29:08,178 [Worker-9] INFO  o.e.m.c.i.embedder.EclipseLogger - Using 'UTF-8' encoding to copy filtered properties files.
2024-03-14 14:29:08,178 [Worker-9] INFO  o.e.m.c.i.embedder.EclipseLogger - skip non existing resourceDirectory C:\Users\SRI CHANDANA\Desktop\Assignment(GKB Labs)\UserForm\backend\userinput\src\test\resources
2024-03-14 14:40:45,721 [Worker-24] INFO  o.e.m.c.i.embedder.EclipseLogger - Using 'UTF-8' encoding to copy filtered resources.
2024-03-14 14:40:45,721 [Worker-24] INFO  o.e.m.c.i.embedder.EclipseLogger - Using 'UTF-8' encoding to copy filtered properties files.
2024-03-14 14:40:45,723 [Worker-24] INFO  o.e.m.c.i.embedder.EclipseLogger - Copying 1 resource
2024-03-14 14:40:45,734 [Worker-24] INFO  o.e.m.c.i.embedder.EclipseLogger - Copying 0 resource
2024-03-14 14:40:45,736 [Worker-24] INFO  o.e.m.c.i.embedder.EclipseLogger - Using 'UTF-8' encoding to copy filtered resources.
2024-03-14 14:40:45,736 [Worker-24] INFO  o.e.m.c.i.embedder.EclipseLogger - Using 'UTF-8' encoding to copy filtered properties files.
2024-03-14 14:40:45,736 [Worker-24] INFO  o.e.m.c.i.embedder.EclipseLogger - skip non existing resourceDirectory C:\Users\SRI CHANDANA\Desktop\Assignment(GKB Labs)\UserForm\backend\userinput\src\test\resources
2024-03-14 14:49:32,047 [Worker-2] INFO  o.e.m.c.i.embedder.EclipseLogger - Using 'UTF-8' encoding to copy filtered resources.
2024-03-14 14:49:32,047 [Worker-2] INFO  o.e.m.c.i.embedder.EclipseLogger - Using 'UTF-8' encoding to copy filtered properties files.
2024-03-14 14:49:32,048 [Worker-2] INFO  o.e.m.c.i.embedder.EclipseLogger - Copying 1 resource
2024-03-14 14:49:32,057 [Worker-2] INFO  o.e.m.c.i.embedder.EclipseLogger - Copying 0 resource
2024-03-14 14:49:32,060 [Worker-2] INFO  o.e.m.c.i.embedder.EclipseLogger - Using 'UTF-8' encoding to copy filtered resources.
2024-03-14 14:49:32,060 [Worker-2] INFO  o.e.m.c.i.embedder.EclipseLogger - Using 'UTF-8' encoding to copy filtered properties files.
2024-03-14 14:49:32,060 [Worker-2] INFO  o.e.m.c.i.embedder.EclipseLogger - skip non existing resourceDirectory C:\Users\SRI CHANDANA\Desktop\Assignment(GKB Labs)\UserForm\backend\userinput\src\test\resources
2024-03-14 14:51:25,383 [Worker-24] INFO  o.e.m.c.i.embedder.EclipseLogger - Using 'UTF-8' encoding to copy filtered resources.
2024-03-14 14:51:25,383 [Worker-24] INFO  o.e.m.c.i.embedder.EclipseLogger - Using 'UTF-8' encoding to copy filtered properties files.
2024-03-14 14:51:25,384 [Worker-24] INFO  o.e.m.c.i.embedder.EclipseLogger - Copying 1 resource
2024-03-14 14:51:25,394 [Worker-24] INFO  o.e.m.c.i.embedder.EclipseLogger - Copying 0 resource
2024-03-14 14:51:25,397 [Worker-24] INFO  o.e.m.c.i.embedder.EclipseLogger - Using 'UTF-8' encoding to copy filtered resources.
2024-03-14 14:51:25,398 [Worker-24] INFO  o.e.m.c.i.embedder.EclipseLogger - Using 'UTF-8' encoding to copy filtered properties files.
2024-03-14 14:51:25,398 [Worker-24] INFO  o.e.m.c.i.embedder.EclipseLogger - skip non existing resourceDirectory C:\Users\SRI CHANDANA\Desktop\Assignment(GKB Labs)\UserForm\backend\userinput\src\test\resources
2024-03-14 14:52:01,936 [Worker-32] INFO  o.e.m.c.i.embedder.EclipseLogger - Using 'UTF-8' encoding to copy filtered resources.
2024-03-14 14:52:01,936 [Worker-32] INFO  o.e.m.c.i.embedder.EclipseLogger - Using 'UTF-8' encoding to copy filtered properties files.
2024-03-14 14:52:01,937 [Worker-32] INFO  o.e.m.c.i.embedder.EclipseLogger - Copying 1 resource
2024-03-14 14:52:01,977 [Worker-32] INFO  o.e.m.c.i.embedder.EclipseLogger - Copying 0 resource
2024-03-14 14:52:01,981 [Worker-32] INFO  o.e.m.c.i.embedder.EclipseLogger - Using 'UTF-8' encoding to copy filtered resources.
2024-03-14 14:52:01,981 [Worker-32] INFO  o.e.m.c.i.embedder.EclipseLogger - Using 'UTF-8' encoding to copy filtered properties files.
2024-03-14 14:52:01,981 [Worker-32] INFO  o.e.m.c.i.embedder.EclipseLogger - skip non existing resourceDirectory C:\Users\SRI CHANDANA\Desktop\Assignment(GKB Labs)\UserForm\backend\userinput\src\test\resources
2024-03-14 14:57:34,145 [Worker-35] INFO  o.e.m.c.i.embedder.EclipseLogger - Using 'UTF-8' encoding to copy filtered resources.
2024-03-14 14:57:34,145 [Worker-35] INFO  o.e.m.c.i.embedder.EclipseLogger - Using 'UTF-8' encoding to copy filtered properties files.
2024-03-14 14:57:34,146 [Worker-35] INFO  o.e.m.c.i.embedder.EclipseLogger - Copying 1 resource
2024-03-14 14:57:34,158 [Worker-35] INFO  o.e.m.c.i.embedder.EclipseLogger - Copying 0 resource
2024-03-14 14:57:34,159 [Worker-35] INFO  o.e.m.c.i.embedder.EclipseLogger - Using 'UTF-8' encoding to copy filtered resources.
2024-03-14 14:57:34,159 [Worker-35] INFO  o.e.m.c.i.embedder.EclipseLogger - Using 'UTF-8' encoding to copy filtered properties files.
2024-03-14 14:57:34,159 [Worker-35] INFO  o.e.m.c.i.embedder.EclipseLogger - skip non existing resourceDirectory C:\Users\SRI CHANDANA\Desktop\Assignment(GKB Labs)\UserForm\backend\userinput\src\test\resources
